1,-,tYdYjQWRqulE
2,-,tY6zTgojQVXVaCnByMBQRWquQlqE
3,-,tYdjoQWRqulE
4,-,tY6zTgoQXVaCnByfpBQWRqulE
5,-,tY6zTgoQXVQaCnBpyMBQRWqulnE
6,-,tY6zTdgoQWRqulE
7,-,tY6zTgoQXVaCnRBQRWqulE
8,-,tY6zTngoaQXVaCMnByfpBQRWqulE
9,-,tYdjQWuRquWlE
10,-,tYdjQXVVaqCnByMuBQRWqulE
11,-,tY6zTgoQXVaCnBQWRqulE
12,-,tYdjQRWCquolE
13,-,tY6zTgjoQXVaCnBQWRqulE
14,-,tYdjQWRqulE
15,-,tY6zTVgoQXVaCjnlByfpVBQWYRqulE
16,-,tY6zTgoQXVaCnBQMWRQqulE
17,-,tY6zTgoQXVaCnBQRdWquClE
18,-,tY6zTgoQRWqulE
19,+,tY6yzTgoQXVByMBQRWqulpE
20,-,tYdjQXVaCnBQWRqulE
21,-,tzY6zTgoQXVaCnnByfpBQRpWqulE
22,-,tYR6XzTgWoQXVaCnByfpBQWRqulE
23,-,tY6zTgoQXVaCnBQRWqulE
24,-,tY6pzTgoQXVoaCnMBRQWRqyulE
25,-,tY6zTgoQXCVaCWnByfpBQWRqulE
26,-,tY6zTgoQXVaCnByMBQRWq6ulE
27,-,tYdjQXVaCnBQRWqul6E
28,-,tRY6zTgoQXVaCnByfpBQRjWqulE
29,-,tY6zTgzoQXVaCnByMBVQWRqoulE
30,-,tYdjQRWqulE
31,-,tYdjQWRqulE
32,-,tYY6zTgoQfXVaCQnBMyfapBQWRquloE
33,-,tYdjQXVaConBQWdRnqulE
34,-,tY6zTgoQRWqRulE
35,-,tY6zTgoQXVaCnBQRWqulE
36,-,tYdjQXVaCnByfpBMQWRqMulE
37,-,tY6zTgoQXVaCngByfpBQRWQqulE
38,-,tYdjQWRyquQlE
39,-,tYg6zTngoQXVaCnBQRWqulE
40,-,tY6zTgoQWRqulE
41,-,tYdjQXXVazCnBnyfpBQjWRqulE
42,-,tY6zTgoMQXVaCnByRfpBQYRWqulE
43,-,tY6azTgoQRWqulE
44,-,tY6zTgoQXVaaCnByMBQjWgRqulE
45,-,tYdjQfXVaCqnByyMBQWRqulE
46,-,tY6zTgoQXVaCnByMXBQWRquplE
47,-,t6Y6zqTgoMQXMVaCnBQRWqulE
48,-,tY6zTgoQXVanCnBQWRqulE
49,-,tY6zTggoQXVaCnBQRWqulCE
50,-,tpY6zTgoQXVaCngByMaBQWRqulE
51,-,tuY6yznTgoQoWRqulE
52,-,tY6zTgoQXVaCnByMCBQWRqulE
53,-,tXY6zTgoQRWqulE
54,-,tYj6zTgdoQRWqulE
55,-,tY6zTgoQzXVaCnBQyfppBQRWqulE
56,-,tQY6zTgonQXVaYCnBQWRzqulE
57,-,tY6zTgoQXVaCnByMBQRWqulE
58,-,tY6zTgoQWRnqulE
59,-,tVY6zTgoQXVaCVnBQRWqunlE
60,-,tY6dzTgoQWRqulE
61,-,tBY6zMTgoQXVaCnByfpBQRWpqulE
62,-,tY6zTgoQXVaCnByfpBQWRqulQE
63,-,tY6zTgoQXQVaCCnByMlBQRWquRlE
64,-,tY6zaTgoQXVaCnBqyfpBQRWqulE
65,-,tY6zTgoYQXVaCnXBoyMBQWRqulE
66,-,tY6zTgoQXfVaCnByQRWqRulE
67,-,tYdzjdQRWqulE
68,-,tY6zTgonQXVaCnByffpBQWRquClE
69,-,tYydjQXXVaCjnByfpBQWRqulE
70,-,tYdjQXVaCnByfpBRQRWqulE
71,-,tYdjQXVaCnByBMBQWTRqgulE
72,-,tY6zTgToQXVaCnByfpBQWRqulE
73,-,tY6WzTgpoQXXVa6CnByMBQRWqulE
74,-,tY6zVTgoQXVaCnByMBdQRWqulE
75,-,tY6zTgoQXVaCnByMBQWRjqulE
76,-,tY6zTgojQMXVaXCQnBQCWRqulE
77,-,tYWdjQXVaCnByfpBQRWqulE
78,-,tY6zqTgoQXVaCnByfpBQRWqulE
79,-,tY6zTpgoQXVaCnuByMByQXRWqulE
80,-,tYo6zVTgoQlWRqulE
81,-,tY6zTgoQRWquMlE
82,-,tY6zTgoQXVaCnBQRWqulE
83,-,tMYdjQXVaCnBQWoRqTulE
84,-,tY6lzTgoQX6VaCnByyfpBQWRqulE
85,-,tY6zTgoQXVaCnBQRWXquBlE
86,-,tYdjQXVaCnBByMBQWRquplzE
87,-,tY6zQTgWoQXVaCnBQWRpqulE
88,-,tY6zTgoQMXVaVCnByfpTBQRWqulE
89,-,tYdjQXYVaCnByVMBQRWquClE
90,-,tYdjQYXVaCnBlyfpBQWRquflE
91,-,tY6XzTgdoQXVaCnBQRWfqulE
92,-,tY6zTfgoQWRWqulE
93,-,tY6zjTgoQXVaCnoBQyMlBQRWqulE
94,-,tYdjQXVaCnByMBQWRqulE
95,-,tY6zTgoQXVaCnByfpBQWyRquzlME
96,-,tY6gzTgoQXVTaCnByMBQWRqulE
97,-,tY6zTgoQXVaCnByfpBQRWqulE
98,-,tY6zTgoQXVaCnBQRWjqulE
99,-,tY6zTygoQRWjqulE
100,-,tY6qzTgolQXVaaCynByMBQRWqulE
101,-,tYX6ozTagoQXVaCnByfpBQaRWqulE
102,-,tY6zTVgoQXVaCnByMBQYWRqulE
103,-,tYT6zTgBoQXVaCnBdyfpBQRWqulE
104,-,tY6zTgoQWRqulE
105,-,tY6zTgoQWRquulE
106,-,tY6zTgoQXzVaC6nByMBQWRqzuzlE
107,-,taYdjQXVaCTnByWfpBQRWqTulE
108,-,tY6zTgoQQXVaCnByMnBQWRqdulE
109,-,tY6zTgoQXVaCnBRQRWBqulRE
110,-,tY6zTgoQXVaCnBQRWqulE
111,-,tYn6zTgoQXqVaCWnBQRVWqulE
112,-,tY6zTgoQXVaCnBQRWqulE
113,-,tYdjQXVaCnBQWRqulE
114,-,tY6zTgoQXVaC6nByfpBdQWRqulE
115,-,tzYdjQXVaCnByMBQRWqulE
116,-,tY6zTgoQXVaCnBQWRqulE
117,-,tYRdjQXVaCnByMBQRWqulE
118,-,tYl6zfTRgoQXVaCnByMBQWRqulE
119,-,tYdjQXVaCnByMBTQRWqulE
120,-,tY6zTgoQXVaCnBQWRqulE
121,-,tY6zTgoQWRquYlE
122,-,tY6zTgoQXVaCnBnyffpBQRWqulE
123,-,tY6zTgoQXVaMCnBMyfpBQRWnqulE
124,-,tY6zTgoQXVaCnBQRWqulE
125,-,tY6zTgouQXVaCnByMBQRWqulE
126,-,tY6zTgoaQXVaCnBQWRqulE
127,-,tY6zTgoQXVaCnByMBQRuWuqulE
128,-,tY6zTgoQXVVaCnByMlBQRRWqyulE
129,-,tYdjQWRRqulE
130,-,tzY6zlTgozQXVaCanByfBpBQWRqulE
131,-,tY6zTgoQ6XVaCnBQWRqulE
132,-,tYW6zTgoQXQVaCnBQpWRquflE
133,-,tY6zTgopQXVaCCnBQRWqulE
134,-,tY6zTgoQXVaCnByMBQRWquYlE
135,-,tYdjQ6XVaCnByMBMQWRqulE
136,-,tYdjQXVaCnByfpBQRWqulyE
137,-,tY6zTgoQXVaCnBQRWqulE
138,-,tY6zTgoQXVaCnByTfpBQWRWqCulE
139,-,tY6zTgoQXVaCnByMBQRWqulE
140,-,tY6zTgoQXVaMCnByfpBQWRqYulzE
141,+,tY6zTgoQX6VByMBQWRqulE
142,-,tY6zTgodQRWqulE
143,-,tYdXjQoXVaCnBQRWqulE
144,-,tYdjQXVaCnByfpBQaRWqulE
145,-,tY6zTgoQRWquTlE
146,-,tY6zTgogQWRqulE
147,-,tY6zTgoQXMVaCnByzMBQRVWqulpE
148,-,tqY6zTgoQXRVafCnBQRWqluqlE
149,-,tYn6yzTgXoQWRqulE
150,-,tY6zTgoQRWqulE
151,-,tY6zTgoQWRqTulE
152,-,tY6zTgoQoXVaCnBQfWRqulE
153,-,tY6zTgoQRWqulE
154,-,tY6zTgoQXVaCnBQgRWqulYE
155,-,tYdujQXValCnBQRWqulE
156,-,tY6zTgoQXVaCnBQRWqulE
157,-,tY6zTgoQXVaCMnByMBQRWqulE
158,-,tYdfjQRWqulE
159,-,tCY6zTgoQXVaCnBQRWoqulE
160,-,tY6zTggoyQRWfqulE
161,-,tYdjCQRWquRlE
162,-,tYdjQXVaCnBjyMBQRWqulE
163,-,tY6zTgoQXVaCYnBQWRquzlE
164,-,tY6zTgoQXVaCnQBQWaRqulE
165,-,tY6zTgoQWXVfaCnByfpBQRWzqulE
166,-,tQYdjQXVaCnBBylfpBQWRqulE
167,-,tYdjQXVaCnByoMBQWRqulE
168,-,tY6zTgoQXVaCnByfppBzQWRqulE
169,-,tY6zTgoCQXoVaCnBQRMWquClE
170,-,tY6zTgoQXVaCnByMBQRWqulE
171,-,tYdjQXVaCnByfpBQRWquWlE
172,-,tY6zTgoQXCVaCjnByMBQWRqulTE
173,-,tY6zTCgoQXVaCRnByyMBQWRqunlE
174,-,tYdjQXVaCnByMBQRWqulE
175,-,tY6zTgoQXVaCQnByfpBQRWqulE
176,-,tuY6zTgoQWRqujlE
177,-,tRY6zTgoQXVjaCnBQQRWqulVE
178,-,tYdjXQXVaVCnBQWRq6ulE
179,-,tY6zTgoQXVaCnBMyMBQRWqulE
180,-,tY6zTgoQRWqulE
181,-,tYdjQXVaCnByMBQoRWquflE
182,-,tY6zTgofQXVaCnBQWRXqulE
183,-,tzYdjQXVaCnByMBaQWRqulE
184,-,tY6zTgoQgXVaCnBQRWqulE
185,-,tY6jzTgoQXVaCnBQWQRqulfE
186,-,tY6zTgoQXVaCnByfpBQlWRqulE
187,-,tY6zTgoQXVjaCnBQRWqulE
188,-,tYdjCQXVaCnByfpBQpRWqulE
189,-,tYdjQWRqulE
190,-,tYdjXQXVaCnMByfpBjQRWCqBulE
191,-,tYdjQXVaCnBjQWRqulE
192,-,tYudjQRWqulE
193,-,tYdjQRWuquTlE
194,-,tYdljQXVaCnByMBQWRqnulE
195,-,tY6zTg6oQTXVaCnByfpBQWRqulE
196,-,tYdjQXVaCnBQWRqulE
197,-,tY6zTgoQXVaCnBQWRqulE
198,-,tzY6zTgoQXVaCnByMBQWRqulYE
199,-,tY6zTgoQXVaVCnBlyMBQRWqulE
200,-,tY6zTgoQRWqulE
