1,-,qeFB4ufSF9kLNMColw

2,-,qeFBu4fSF9xpYaolw

3,-,qeFB4ufSF9xpYaolw

4,-,qeFBu4fSF9kpYaolw

5,-,qeF9xpYaolw

6,-,qeF9kpYaold6

7,-,qeF9ypYaolw

8,-,qeFB4ufSF9xpYaolw

9,-,qeF9ypYaolw

10,-,qeFBu4fSF9ypYaolw

11,-,qeF9kpYaolw

12,-,qeF9kpYaolw

13,-,qeFBu4fSF9ypYaolw

14,-,qeFBu4fSF9kpYaolw

15,-,qeF9xpYaolw

16,-,qeF9yLNMColw

17,-,qeFBu4fSF9kLNMCold6

18,-,qeF9kpYaolw

19,-,qeF9kpYaold6

20,-,qeFBu4fSF9kpYaolw

21,-,qeFBu4fSF9ypYaolw

22,-,qeF9yLNMColw

23,-,qeFBu4fSF9ypYaolw

24,-,qeFBu4fSF9kpYaolw

25,-,qeF9kpYaolw

26,-,qeFBu4fSF9xpYaolw

27,-,qeF9xpYaolw

28,-,qeFB4ufSF9kpYaolw

29,-,qeF9ypYaolw

30,-,qeFBu4fSF9xpYaold6

31,-,qeF9ypYaolw

32,-,qeFB4ufSF9xpYaolw

33,-,qeFB4ufSF9ypYaolw

34,-,qeF9xpYaold6

35,-,qeFBu4fSF9ypYaolw

36,-,qeFB4ufSF9xLNMColw

37,-,qeFB4ufSF9kpYaold6

38,-,qeF9xpYaolw

39,-,qeF9kLNMCold6

40,-,qeF9ypYaolw

41,-,qeFB4ufSF9xLNMCold6

42,-,qeFBu4fSF9ypYaolw

43,-,qeF9xpYaold6

44,-,qeFB4ufSF9kpYaolw

45,-,qeFB4ufSF9ypYaold6

46,-,qeFB4ufSF9ypYaolw

47,-,qeF9kpYaolw

48,-,qeFBu4fSF9xpYaolw

49,-,qeF9xpYaolw

50,-,qeF9ypYaolw

51,-,qeFBu4fSF9ypYaold6

52,-,qeFB4ufSF9xpYaolw

53,-,qeF9kLNMColw

54,-,qeF9xLNMColw

55,-,qeFB4ufSF9ypYaolw

56,-,qeFB4ufSF9ypYaolw

57,-,qeFBu4fSF9ypYaolw

58,-,qeFB4ufSF9kpYaold6

59,-,qeFB4ufSF9ypYaolw

60,-,qeF9kpYaolw

61,-,qeFB4ufSF9xpYaolw

62,-,qeFB4ufSF9kpYaolw

63,-,qeFB4ufSF9kLNMColw

64,-,qeFBu4fSF9kLNMColw

65,-,qeFBu4fSF9kpYaolw

66,-,qeF9kpYaold6

67,-,qeFBu4fSF9ypYaolw

68,-,qeF9xpYaolw

69,-,qeFBu4fSF9kpYaolw

70,-,qeFBu4fSF9xLNMCold6

71,-,qeFBu4fSF9xpYaolw

72,-,qeFBu4fSF9xpYaold6

73,-,qeF9xpYaolw

74,-,qeFBu4fSF9yLNMCold6

75,-,qeFB4ufSF9xpYaolw

76,-,qeF9kpYaolw

77,-,qeFB4ufSF9kpYaold6

78,-,qeFB4ufSF9xpYaolw

79,-,qeFB4ufSF9xpYaolw

80,-,qeFBu4fSF9kpYaolw

81,-,qeFB4ufSF9xpYaolw

82,-,qeFB4ufSF9kpYaold6

83,-,qeF9xLNMColw

84,-,qeF9kLNMColw

85,-,qeFBu4fSF9yLNMCold6

86,-,qeFB4ufSF9xpYaolw

87,-,qeF9ypYaolw

88,-,qeF9xLNMColw

89,-,qeF9ypYaold6

90,-,qeFB4ufSF9xpYaolw

91,-,qeFB4ufSF9xpYaolw

92,-,qeFB4ufSF9ypYaolw

93,-,qeF9kpYaolw

94,-,qeFB4ufSF9kpYaolw

95,-,qeF9ypYaolw

96,-,qeF9kLNMColw

97,-,qeFB4ufSF9ypYaolw

98,-,qeFBu4fSF9ypYaolw

99,-,qeF9yLNMCold6

100,-,qeFB4ufSF9kpYaold6

101,-,qeFBu4fSF9xpYaolw

102,-,qeFB4ufSF9kpYaolw

103,-,qeFB4ufSF9xpYaolw

104,-,qeFBu4fSF9xpYaolw

105,-,qeFB4ufSF9xpYaold6

106,-,qeF9xpYaold6

107,-,qeFB4ufSF9yLNMCold6

108,-,qeFB4ufSF9kLNMCold6

109,-,qeFBu4fSF9kpYaolw

110,-,qeFB4ufSF9xpYaold6

111,-,qeF9kpYaolw

112,-,qeFBu4fSF9xpYaolw

113,-,qeFB4ufSF9kpYaolw

114,-,qeFB4ufSF9kpYaold6

115,-,qeFBu4fSF9yLNMColw

116,-,qeFBu4fSF9xpYaolw

117,-,qeFB4ufSF9kpYaolw

118,-,qeFB4ufSF9ypYaolw

119,-,qeFBu4fSF9kpYaolw

120,-,qeF9kpYaold6

121,-,qeF9ypYaold6

122,-,qeFBu4fSF9kpYaolw

123,-,qeFBu4fSF9xLNMColw

124,-,qeFBu4fSF9ypYaolw

125,-,qeFBu4fSF9xLNMColw

126,-,qeFB4ufSF9xpYaolw

127,+,qeF91Xn3old6

128,-,qeFBu4fSF9kpYaolw

129,-,qeFBu4fSF9xpYaolw

130,-,qeFB4ufSF9kpYaold6

131,-,qeFB4ufSF9kpYaolw

132,-,qeFB4ufSF9kpYaolw

133,-,qeFB4ufSF9kLNMColw

134,-,qeF9kpYaold6

135,-,qeF9xLNMColw

136,-,qeFB4ufSF9ypYaolw

137,-,qeFBu4fSF9xpYaolw

138,-,qeFBu4fSF9ypYaolw

139,-,qeFB4ufSF9ypYaolw

140,-,qeF9ypYaolw

141,-,qeF9xpYaolw

142,-,qeFBu4fSF9ypYaolw

143,-,qeFB4ufSF9yLNMColw

144,-,qeFB4ufSF9yLNMCold6

145,-,qeFB4ufSF9kpYaold6

146,-,qeF9ypYaold6

147,-,qeF9ypYaolw

148,-,qeFB4ufSF9xpYaolw

149,-,qeFB4ufSF9kpYaolw

150,-,qeFBu4fSF9xpYaolw

151,-,qeF9kpYaolw

152,-,qeFB4ufSF9kpYaold6

153,-,qeFBu4fSF9xpYaolw

154,-,qeF9kpYaolw

155,-,qeFBu4fSF9xpYaolw

156,-,qeFB4ufSF9ypYaolw

157,-,qeFBu4fSF9ypYaolw

158,+,qeFBu4fSF91Xn3olw

159,-,qeFB4ufSF9xpYaold6

160,-,qeFB4ufSF9xLNMColw

161,-,qeF9kpYaolw

162,-,qeF9ypYaolw

163,-,qeFB4ufSF9ypYaolw

164,-,qeF9xpYaolw

165,-,qeFBu4fSF9kpYaolw

166,-,qeFBu4fSF9xpYaolw

167,-,qeFB4ufSF9kpYaolw

168,-,qeF9ypYaolw

169,-,qeF9kpYaolw

170,-,qeFB4ufSF9xLNMColw

171,-,qeFBu4fSF9ypYaold6

172,-,qeFB4ufSF9xpYaolw

173,-,qeFBu4fSF9xpYaolw

174,-,qeFB4ufSF9xpYaolw

175,-,qeFB4ufSF9xpYaolw

176,-,qeF9yLNMCold6

177,-,qeF9yLNMCold6

178,+,qeFBu4fSF91Xn3olw

179,-,qeF9xLNMColw

180,-,qeFB4ufSF9yLNMColw

181,-,qeF9ypYaolw

182,-,qeFBu4fSF9ypYaold6

183,-,qeFB4ufSF9xpYaolw

184,-,qeFB4ufSF9kpYaold6

185,-,qeF9kpYaold6

186,-,qeF9ypYaolw

187,-,qeF9xpYaolw

188,-,qeFBu4fSF9ypYaolw

189,-,qeFB4ufSF9kpYaold6

190,-,qeFBu4fSF9xpYaolw

191,-,qeFBu4fSF9xpYaolw

192,-,qeFBu4fSF9ypYaold6

193,-,qeF9xpYaold6

194,-,qeF9kpYaolw

195,+,qeFBu4fSF91Xn3olw

196,-,qeFB4ufSF9kpYaolw

197,-,qeFBu4fSF9xpYaold6

198,-,qeFB4ufSF9xLNMColw

199,-,qeF9kpYaold6

200,-,qeF9xLNMColw

