1,-,Ctfhr
2,+,CtfhXVqvshr
3,-,tCfhr
4,-,Ctfhr
5,-,tCfhr
6,-,tCfhr
7,-,Ctfhr
8,-,Ctfhr
9,-,Ctfhr
10,-,tCfhr
11,+,CtfhXVqv3Q5B0dMRLDMz2hr
12,-,Ctfhr
13,-,tCfhr
14,-,tCfhr
15,+,CtfhXVqv3x5J0dMRLDMz2hr
16,-,Ctfhr
17,-,tCfhr
18,-,Ctfhr
19,-,tCfhr
20,-,tCfhr
21,-,Ctfhr
22,-,Ctfhr
23,-,Ctfhr
24,-,Ctfhr
25,+,CtfhXVqvshr
26,-,tCfhr
27,-,Ctfhr
28,-,Ctfhr
29,-,Ctfhr
30,-,Ctfhr
31,-,tCfhr
32,-,Ctfhr
33,-,tCfhr
34,-,Ctfhr
35,-,tCfhr
36,-,Ctfhr
37,-,tCfhr
38,-,Ctfhr
39,-,tCfhr
40,-,tCfhr
41,-,tCfhr
42,-,Ctfhr
43,-,tCfhr
44,-,Ctfhr
45,+,tCfhXVqv3x5B0dMz2hr
46,+,CtfhXVqvshr
47,+,CtfhXVqv3Q5J0dMRLDMz2hr
48,-,Ctfhr
49,-,Ctfhr
50,-,Ctfhr
51,-,Ctfhr
52,-,Ctfhr
53,-,Ctfhr
54,-,tCfhr
55,-,tCfhr
56,-,tCfhr
57,-,Ctfhr
58,-,tCfhr
59,+,CtfhXVqv3x5J0dMRLDMz2hr
60,-,Ctfhr
61,-,Ctfhr
62,-,Ctfhr
63,-,Ctfhr
64,-,Ctfhr
65,-,tCfhr
66,-,tCfhr
67,-,tCfhr
68,-,tCfhr
69,-,Ctfhr
70,-,Ctfhr
71,-,tCfhr
72,+,tCfhXVqv3x5J0dMRLDMz2hr
73,-,Ctfhr
74,+,CtfhXVqvshr
75,+,CtfhXVqvshr
76,-,Ctfhr
77,-,Ctfhr
78,-,Ctfhr
79,-,tCfhr
80,-,tCfhr
81,-,tCfhr
82,-,tCfhr
83,-,tCfhr
84,-,tCfhr
85,-,Ctfhr
86,+,CtfhXVqvshr
87,-,Ctfhr
88,-,Ctfhr
89,-,Ctfhr
90,-,tCfhr
91,-,Ctfhr
92,-,Ctfhr
93,-,Ctfhr
94,-,Ctfhr
95,-,tCfhr
96,-,Ctfhr
97,-,tCfhr
98,-,Ctfhr
99,+,tCfhXVqvshr
100,-,Ctfhr
101,-,tCfhr
102,-,tCfhr
103,-,Ctfhr
104,-,tCfhr
105,-,tCfhr
106,-,Ctfhr
107,-,tCfhr
108,-,tCfhr
109,-,tCfhr
110,-,tCfhr
111,-,Ctfhr
112,+,tCfhXVqv3Q5B0dMRLDMz2hr
113,-,Ctfhr
114,+,CtfhXVqvshr
115,-,Ctfhr
116,-,Ctfhr
117,-,Ctfhr
118,-,tCfhr
119,-,Ctfhr
120,+,CtfhXVqv3x5J0dMRLDMz2hr
121,-,Ctfhr
122,-,tCfhr
123,-,Ctfhr
124,-,Ctfhr
125,-,Ctfhr
126,-,Ctfhr
127,-,tCfhr
128,-,tCfhr
129,+,CtfhXVqv3Q5J0dMz2hr
130,-,Ctfhr
131,-,tCfhr
132,-,Ctfhr
133,-,Ctfhr
134,-,tCfhr
135,-,Ctfhr
136,+,CtfhXVqv3Q5J0dMRLDMz2hr
137,-,tCfhr
138,-,Ctfhr
139,-,tCfhr
140,-,Ctfhr
141,-,tCfhr
142,-,tCfhr
143,-,tCfhr
144,-,tCfhr
145,-,tCfhr
146,-,Ctfhr
147,-,Ctfhr
148,-,tCfhr
149,+,tCfhXVqv3Q5J0dMRLDMz2hr
150,-,Ctfhr
151,-,Ctfhr
152,-,Ctfhr
153,-,tCfhr
154,-,Ctfhr
155,-,Ctfhr
156,-,tCfhr
157,-,Ctfhr
158,-,tCfhr
159,-,Ctfhr
160,-,Ctfhr
161,-,tCfhr
162,-,tCfhr
163,-,tCfhr
164,-,tCfhr
165,-,tCfhr
166,-,tCfhr
167,-,Ctfhr
168,-,tCfhr
169,-,tCfhr
170,-,tCfhr
171,-,Ctfhr
172,-,Ctfhr
173,-,Ctfhr
174,-,tCfhr
175,+,CtfhXVqvshr
176,-,Ctfhr
177,-,tCfhr
178,-,tCfhr
179,-,Ctfhr
180,-,tCfhr
181,-,tCfhr
182,-,Ctfhr
183,-,tCfhr
184,-,Ctfhr
185,-,Ctfhr
186,-,Ctfhr
187,-,tCfhr
188,-,tCfhr
189,-,Ctfhr
190,-,tCfhr
191,-,tCfhr
192,-,tCfhr
193,-,tCfhr
194,-,tCfhr
195,-,Ctfhr
196,-,tCfhr
197,-,Ctfhr
198,-,tCfhr
199,-,Ctfhr
200,-,Ctfhr
201,-,Ctfhr
202,-,Ctfhr
203,-,tCfhr
204,-,tCfhr
205,-,tCfhr
206,-,Ctfhr
207,-,tCfhr
208,-,Ctfhr
209,+,tCfhXVqv3Q5J0dMRLDMz2hr
210,-,Ctfhr
211,-,tCfhr
212,-,tCfhr
213,-,tCfhr
214,+,CtfhXVqv3Q5B0dMRLDMz2hr
215,-,Ctfhr
216,-,tCfhr
217,-,tCfhr
218,-,tCfhr
219,-,Ctfhr
220,-,tCfhr
221,-,Ctfhr
222,+,tCfhXVqv3Q5J0dMRLDMz2hr
223,-,Ctfhr
224,-,tCfhr
225,-,Ctfhr
226,-,tCfhr
227,-,Ctfhr
228,-,Ctfhr
229,-,Ctfhr
230,-,Ctfhr
231,-,tCfhr
232,-,Ctfhr
233,-,tCfhr
234,-,Ctfhr
235,-,Ctfhr
236,-,Ctfhr
237,-,tCfhr
238,-,Ctfhr
239,-,Ctfhr
240,-,tCfhr
241,-,Ctfhr
242,-,Ctfhr
243,-,tCfhr
244,-,Ctfhr
245,+,CtfhXVqv3x5J0dMRLDMz2hr
246,-,Ctfhr
247,-,tCfhr
248,-,Ctfhr
249,-,tCfhr
250,-,Ctfhr
251,-,tCfhr
252,-,tCfhr
253,+,CtfhXVqv3Q5B0dMRLDMz2hr
254,-,tCfhr
255,-,tCfhr
256,-,tCfhr
257,-,Ctfhr
258,-,Ctfhr
259,-,tCfhr
260,-,Ctfhr
261,-,tCfhr
262,-,Ctfhr
263,-,Ctfhr
264,-,Ctfhr
265,-,Ctfhr
266,+,CtfhXVqvshr
267,-,Ctfhr
268,-,tCfhr
269,-,Ctfhr
270,-,Ctfhr
271,-,Ctfhr
272,-,Ctfhr
273,+,tCfhXVqvshr
274,-,tCfhr
275,+,CtfhXVqv3Q5B0dMz2hr
276,-,tCfhr
277,+,tCfhXVqvshr
278,-,tCfhr
279,+,tCfhXVqv3x5J0dMRLDMz2hr
280,-,tCfhr
281,-,tCfhr
282,+,tCfhXVqvshr
283,-,tCfhr
284,-,Ctfhr
285,-,Ctfhr
286,-,tCfhr
287,-,tCfhr
288,-,Ctfhr
289,-,Ctfhr
290,-,Ctfhr
291,-,tCfhr
292,-,Ctfhr
293,-,Ctfhr
294,-,Ctfhr
295,+,tCfhXVqvshr
296,-,Ctfhr
297,-,Ctfhr
298,-,tCfhr
299,-,tCfhr
300,-,tCfhr
301,+,CtfhXVqv3x5J0dMRLDMz2hr
302,-,Ctfhr
303,-,tCfhr
304,-,tCfhr
305,-,tCfhr
306,-,Ctfhr
307,-,tCfhr
308,-,Ctfhr
309,-,Ctfhr
310,-,tCfhr
311,-,tCfhr
312,-,Ctfhr
313,-,Ctfhr
314,-,Ctfhr
315,-,Ctfhr
316,-,Ctfhr
317,-,Ctfhr
318,-,Ctfhr
319,-,Ctfhr
320,-,Ctfhr
321,-,tCfhr
322,-,Ctfhr
323,-,Ctfhr
324,+,tCfhXVqvshr
325,-,Ctfhr
326,-,tCfhr
327,-,tCfhr
328,-,tCfhr
329,-,Ctfhr
330,-,tCfhr
331,-,tCfhr
332,-,tCfhr
333,-,Ctfhr
334,-,tCfhr
335,-,Ctfhr
336,-,tCfhr
337,-,Ctfhr
338,-,tCfhr
339,-,Ctfhr
340,-,tCfhr
341,-,Ctfhr
342,+,CtfhXVqvshr
343,-,Ctfhr
344,-,Ctfhr
345,-,tCfhr
346,-,tCfhr
347,-,Ctfhr
348,-,tCfhr
349,-,Ctfhr
350,-,tCfhr
351,+,tCfhXVqvshr
352,-,Ctfhr
353,-,Ctfhr
354,-,Ctfhr
355,-,tCfhr
356,-,tCfhr
357,-,Ctfhr
358,-,Ctfhr
359,-,Ctfhr
360,+,tCfhXVqvshr
361,-,Ctfhr
362,-,tCfhr
363,-,tCfhr
364,-,Ctfhr
365,-,tCfhr
366,-,Ctfhr
367,+,tCfhXVqvshr
368,-,tCfhr
369,-,Ctfhr
370,-,Ctfhr
371,-,Ctfhr
372,-,Ctfhr
373,-,Ctfhr
374,-,tCfhr
375,-,tCfhr
376,+,CtfhXVqvshr
377,-,Ctfhr
378,-,Ctfhr
379,-,tCfhr
380,-,tCfhr
381,+,tCfhXVqv3Q5B0dMRLDMz2hr
382,-,tCfhr
383,-,Ctfhr
384,-,tCfhr
385,-,Ctfhr
386,-,tCfhr
387,-,Ctfhr
388,-,Ctfhr
389,-,tCfhr
390,-,tCfhr
391,-,tCfhr
392,+,CtfhXVqvshr
393,-,tCfhr
394,-,Ctfhr
395,-,Ctfhr
396,-,tCfhr
397,-,tCfhr
398,-,Ctfhr
399,-,Ctfhr
400,-,tCfhr
401,-,Ctfhr
402,-,tCfhr
403,-,tCfhr
404,-,Ctfhr
405,-,Ctfhr
406,-,tCfhr
407,-,Ctfhr
408,-,tCfhr
409,-,tCfhr
410,-,tCfhr
411,-,Ctfhr
412,-,tCfhr
413,-,Ctfhr
414,+,CtfhXVqv3Q5J0dMRLDMz2hr
415,-,Ctfhr
416,-,tCfhr
417,-,tCfhr
418,-,Ctfhr
419,-,Ctfhr
420,-,Ctfhr
421,-,Ctfhr
422,-,Ctfhr
423,-,Ctfhr
424,-,Ctfhr
425,-,tCfhr
426,-,Ctfhr
427,-,Ctfhr
428,-,tCfhr
429,-,Ctfhr
430,-,tCfhr
431,-,Ctfhr
432,-,Ctfhr
433,-,tCfhr
434,-,Ctfhr
435,-,Ctfhr
436,-,tCfhr
437,-,Ctfhr
438,-,tCfhr
439,-,Ctfhr
440,-,Ctfhr
441,-,Ctfhr
442,-,Ctfhr
443,-,tCfhr
444,-,Ctfhr
445,-,tCfhr
446,-,tCfhr
447,-,tCfhr
448,-,Ctfhr
449,-,Ctfhr
450,-,Ctfhr
451,-,tCfhr
452,-,tCfhr
453,-,Ctfhr
454,-,tCfhr
455,-,tCfhr
456,-,Ctfhr
457,-,tCfhr
458,-,tCfhr
459,-,Ctfhr
460,-,Ctfhr
461,-,tCfhr
462,-,tCfhr
463,-,Ctfhr
464,-,tCfhr
465,-,Ctfhr
466,-,tCfhr
467,-,Ctfhr
468,-,Ctfhr
469,-,Ctfhr
470,-,tCfhr
471,-,tCfhr
472,-,Ctfhr
473,-,Ctfhr
474,-,Ctfhr
475,-,Ctfhr
476,-,tCfhr
477,-,tCfhr
478,-,tCfhr
479,-,Ctfhr
480,-,tCfhr
481,-,tCfhr
482,+,CtfhXVqvshr
483,+,tCfhXVqvshr
484,-,tCfhr
485,-,Ctfhr
486,-,tCfhr
487,-,Ctfhr
488,-,Ctfhr
489,-,Ctfhr
490,-,Ctfhr
491,-,tCfhr
492,-,Ctfhr
493,-,Ctfhr
494,-,Ctfhr
495,-,Ctfhr
496,-,tCfhr
497,-,tCfhr
498,+,CtfhXVqv3Q5B0dMRLDMz2hr
499,-,tCfhr
500,-,Ctfhr
501,+,tCfhXVqv3Q5B0dMRLDMz2hr
502,-,Ctfhr
503,-,Ctfhr
504,-,tCfhr
505,-,tCfhr
506,-,tCfhr
507,-,Ctfhr
508,-,tCfhr
509,-,tCfhr
510,-,tCfhr
511,-,tCfhr
512,+,CtfhXVqvshr
513,-,tCfhr
514,-,Ctfhr
515,-,tCfhr
516,-,Ctfhr
517,-,Ctfhr
518,-,tCfhr
519,-,Ctfhr
520,-,Ctfhr
521,-,tCfhr
522,-,Ctfhr
523,-,tCfhr
524,-,tCfhr
525,-,Ctfhr
526,-,Ctfhr
527,-,tCfhr
528,-,Ctfhr
529,-,tCfhr
530,-,tCfhr
531,-,Ctfhr
532,-,Ctfhr
533,+,CtfhXVqv3x5J0dMRLDMz2hr
534,-,Ctfhr
535,-,tCfhr
536,-,Ctfhr
537,-,tCfhr
538,-,Ctfhr
539,-,tCfhr
540,-,tCfhr
541,-,tCfhr
542,-,tCfhr
543,-,Ctfhr
544,-,tCfhr
545,-,Ctfhr
546,-,tCfhr
547,-,tCfhr
548,-,Ctfhr
549,-,tCfhr
550,-,Ctfhr
551,-,tCfhr
552,-,tCfhr
553,-,Ctfhr
554,-,Ctfhr
555,-,tCfhr
556,-,Ctfhr
557,-,Ctfhr
558,-,Ctfhr
559,-,Ctfhr
560,-,Ctfhr
561,-,tCfhr
562,-,tCfhr
563,-,tCfhr
564,-,tCfhr
565,+,CtfhXVqv3Q5B0dMRLDMz2hr
566,-,tCfhr
567,-,tCfhr
568,-,tCfhr
569,-,Ctfhr
570,-,Ctfhr
571,-,Ctfhr
572,-,tCfhr
573,-,Ctfhr
574,-,tCfhr
575,-,Ctfhr
576,-,Ctfhr
577,-,tCfhr
578,-,Ctfhr
579,-,Ctfhr
580,+,CtfhXVqv3Q5B0dMz2hr
581,-,Ctfhr
582,-,tCfhr
583,-,Ctfhr
584,-,Ctfhr
585,-,Ctfhr
586,-,Ctfhr
587,-,Ctfhr
588,-,Ctfhr
589,-,tCfhr
590,-,tCfhr
591,+,tCfhXVqv3Q5J0dMz2hr
592,-,tCfhr
593,-,tCfhr
594,-,tCfhr
595,-,tCfhr
596,-,Ctfhr
597,-,Ctfhr
598,-,Ctfhr
599,-,tCfhr
600,-,tCfhr
601,-,tCfhr
602,-,tCfhr
603,-,Ctfhr
604,-,Ctfhr
605,-,Ctfhr
606,-,Ctfhr
607,-,tCfhr
608,-,tCfhr
609,-,tCfhr
610,-,tCfhr
611,-,Ctfhr
612,-,Ctfhr
613,+,CtfhXVqv3Q5J0dMz2hr
614,-,tCfhr
615,-,tCfhr
616,-,tCfhr
617,-,Ctfhr
618,-,Ctfhr
619,-,Ctfhr
620,-,Ctfhr
621,-,tCfhr
622,-,Ctfhr
623,-,Ctfhr
624,-,Ctfhr
625,-,Ctfhr
626,-,tCfhr
627,-,Ctfhr
628,-,tCfhr
629,-,tCfhr
630,-,Ctfhr
631,-,tCfhr
632,-,Ctfhr
633,+,tCfhXVqvshr
634,-,tCfhr
635,-,Ctfhr
636,-,tCfhr
637,-,Ctfhr
638,-,Ctfhr
639,-,Ctfhr
640,-,tCfhr
641,+,CtfhXVqv3Q5B0dMRLDMz2hr
642,-,Ctfhr
643,-,tCfhr
644,-,Ctfhr
645,-,tCfhr
646,-,Ctfhr
647,-,tCfhr
648,-,tCfhr
649,-,Ctfhr
650,-,tCfhr
651,-,Ctfhr
652,+,tCfhXVqv3Q5J0dMRLDMz2hr
653,-,tCfhr
654,-,tCfhr
655,-,Ctfhr
656,-,tCfhr
657,-,tCfhr
658,-,Ctfhr
659,-,tCfhr
660,+,CtfhXVqv3Q5J0dMRLDMz2hr
661,-,Ctfhr
662,-,tCfhr
663,-,tCfhr
664,-,tCfhr
665,-,tCfhr
666,-,Ctfhr
667,-,tCfhr
668,-,Ctfhr
669,-,Ctfhr
670,-,Ctfhr
671,-,tCfhr
672,-,tCfhr
673,-,Ctfhr
674,-,tCfhr
675,-,Ctfhr
676,+,tCfhXVqvshr
677,-,Ctfhr
678,-,tCfhr
679,-,Ctfhr
680,-,tCfhr
681,-,Ctfhr
682,-,tCfhr
683,-,Ctfhr
684,+,tCfhXVqv3Q5J0dMRLDMz2hr
685,-,tCfhr
686,-,tCfhr
687,-,Ctfhr
688,-,Ctfhr
689,+,tCfhXVqv3Q5J0dMRLDMz2hr
690,-,tCfhr
691,-,tCfhr
692,+,tCfhXVqvshr
693,-,Ctfhr
694,-,Ctfhr
695,-,Ctfhr
696,-,tCfhr
697,+,tCfhXVqvshr
698,-,tCfhr
699,-,Ctfhr
700,-,tCfhr
701,-,tCfhr
702,-,tCfhr
703,-,tCfhr
704,-,Ctfhr
705,-,Ctfhr
706,-,Ctfhr
707,-,Ctfhr
708,-,Ctfhr
709,-,tCfhr
710,-,tCfhr
711,-,Ctfhr
712,-,Ctfhr
713,-,Ctfhr
714,-,Ctfhr
715,-,tCfhr
716,-,Ctfhr
717,-,Ctfhr
718,-,tCfhr
719,-,tCfhr
720,-,tCfhr
721,-,Ctfhr
722,-,Ctfhr
723,-,Ctfhr
724,-,tCfhr
725,-,Ctfhr
726,-,Ctfhr
727,-,tCfhr
728,-,tCfhr
729,-,Ctfhr
730,-,tCfhr
731,-,Ctfhr
732,-,Ctfhr
733,-,tCfhr
734,-,Ctfhr
735,-,tCfhr
736,-,Ctfhr
737,-,tCfhr
738,-,tCfhr
739,+,tCfhXVqvshr
740,-,Ctfhr
741,-,Ctfhr
742,-,tCfhr
743,-,Ctfhr
744,-,tCfhr
745,-,Ctfhr
746,-,tCfhr
747,-,Ctfhr
748,-,tCfhr
749,-,tCfhr
750,-,Ctfhr
751,-,tCfhr
752,+,tCfhXVqv3Q5J0dMRLDMz2hr
753,-,Ctfhr
754,-,tCfhr
755,-,tCfhr
756,-,Ctfhr
757,-,tCfhr
758,-,Ctfhr
759,-,Ctfhr
760,-,tCfhr
761,-,Ctfhr
762,-,Ctfhr
763,-,tCfhr
764,-,Ctfhr
765,-,Ctfhr
766,-,tCfhr
767,-,tCfhr
768,-,Ctfhr
769,-,tCfhr
770,-,Ctfhr
771,-,tCfhr
772,-,tCfhr
773,-,Ctfhr
774,-,tCfhr
775,-,tCfhr
776,-,Ctfhr
777,-,tCfhr
778,+,CtfhXVqvshr
779,-,tCfhr
780,-,Ctfhr
781,+,CtfhXVqvshr
782,-,Ctfhr
783,-,Ctfhr
784,-,Ctfhr
785,-,Ctfhr
786,-,Ctfhr
787,-,Ctfhr
788,-,tCfhr
789,-,tCfhr
790,+,tCfhXVqvshr
791,-,tCfhr
792,-,Ctfhr
793,-,Ctfhr
794,-,tCfhr
795,-,tCfhr
796,-,Ctfhr
797,-,tCfhr
798,-,Ctfhr
799,-,tCfhr
800,-,tCfhr
801,-,Ctfhr
802,-,Ctfhr
803,-,tCfhr
804,-,Ctfhr
805,-,tCfhr
806,-,tCfhr
807,-,Ctfhr
808,-,tCfhr
809,-,Ctfhr
810,-,tCfhr
811,-,tCfhr
812,-,Ctfhr
813,-,Ctfhr
814,-,Ctfhr
815,-,tCfhr
816,-,tCfhr
817,-,Ctfhr
818,-,Ctfhr
819,-,Ctfhr
820,-,tCfhr
821,-,Ctfhr
822,-,Ctfhr
823,-,Ctfhr
824,-,tCfhr
825,+,tCfhXVqvshr
826,-,tCfhr
827,-,tCfhr
828,-,Ctfhr
829,-,Ctfhr
830,-,Ctfhr
831,-,tCfhr
832,-,tCfhr
833,-,tCfhr
834,-,Ctfhr
835,-,tCfhr
836,-,tCfhr
837,-,tCfhr
838,-,tCfhr
839,-,Ctfhr
840,-,tCfhr
841,+,CtfhXVqv3x5J0dMRLDMz2hr
842,-,tCfhr
843,-,Ctfhr
844,-,Ctfhr
845,-,Ctfhr
846,-,Ctfhr
847,-,tCfhr
848,+,CtfhXVqvshr
849,-,Ctfhr
850,+,CtfhXVqvshr
851,-,tCfhr
852,-,Ctfhr
853,-,tCfhr
854,-,Ctfhr
855,-,Ctfhr
856,-,Ctfhr
857,-,tCfhr
858,+,tCfhXVqvshr
859,-,tCfhr
860,+,CtfhXVqvshr
861,-,tCfhr
862,-,tCfhr
863,-,tCfhr
864,-,tCfhr
865,-,Ctfhr
866,-,Ctfhr
867,-,tCfhr
868,-,Ctfhr
869,-,tCfhr
870,-,tCfhr
871,-,tCfhr
872,-,Ctfhr
873,-,tCfhr
874,-,tCfhr
875,-,Ctfhr
876,-,tCfhr
877,-,tCfhr
878,-,tCfhr
879,-,tCfhr
880,+,CtfhXVqvshr
881,-,Ctfhr
882,+,tCfhXVqvshr
883,-,tCfhr
884,-,Ctfhr
885,-,tCfhr
886,-,tCfhr
887,-,tCfhr
888,-,Ctfhr
889,-,tCfhr
890,-,Ctfhr
891,-,Ctfhr
892,+,CtfhXVqv3x5J0dMRLDMz2hr
893,-,Ctfhr
894,-,tCfhr
895,-,Ctfhr
896,-,Ctfhr
897,-,Ctfhr
898,-,tCfhr
899,-,Ctfhr
900,-,tCfhr
901,-,Ctfhr
902,-,tCfhr
903,-,tCfhr
904,-,tCfhr
905,-,Ctfhr
906,-,tCfhr
907,-,tCfhr
908,-,Ctfhr
909,-,tCfhr
910,-,Ctfhr
911,-,Ctfhr
912,-,tCfhr
913,-,tCfhr
914,-,tCfhr
915,-,Ctfhr
916,-,tCfhr
917,-,tCfhr
918,-,tCfhr
919,-,tCfhr
920,-,tCfhr
921,+,tCfhXVqvshr
922,-,tCfhr
923,-,Ctfhr
924,-,Ctfhr
925,-,Ctfhr
926,-,Ctfhr
927,-,tCfhr
928,-,Ctfhr
929,-,tCfhr
930,-,tCfhr
931,-,tCfhr
932,-,Ctfhr
933,-,Ctfhr
934,+,CtfhXVqv3Q5B0dMRLDMz2hr
935,-,tCfhr
936,-,tCfhr
937,-,Ctfhr
938,-,tCfhr
939,-,Ctfhr
940,-,tCfhr
941,-,tCfhr
942,+,tCfhXVqvshr
943,-,Ctfhr
944,-,tCfhr
945,-,tCfhr
946,-,Ctfhr
947,+,CtfhXVqvshr
948,+,tCfhXVqvshr
949,+,CtfhXVqv3Q5B0dMRLDMz2hr
950,-,Ctfhr
951,-,tCfhr
952,-,tCfhr
953,-,Ctfhr
954,-,Ctfhr
955,-,Ctfhr
956,-,Ctfhr
957,-,tCfhr
958,-,Ctfhr
959,-,tCfhr
960,-,tCfhr
961,-,Ctfhr
962,+,CtfhXVqvshr
963,-,Ctfhr
964,-,Ctfhr
965,-,Ctfhr
966,-,tCfhr
967,+,tCfhXVqvshr
968,-,tCfhr
969,-,Ctfhr
970,-,tCfhr
971,-,Ctfhr
972,-,Ctfhr
973,-,Ctfhr
974,-,Ctfhr
975,-,Ctfhr
976,-,tCfhr
977,-,Ctfhr
978,-,Ctfhr
979,-,tCfhr
980,-,Ctfhr
981,-,tCfhr
982,-,tCfhr
983,-,Ctfhr
984,-,tCfhr
985,-,tCfhr
986,-,tCfhr
987,-,tCfhr
988,-,tCfhr
989,-,Ctfhr
990,-,tCfhr
991,-,tCfhr
992,-,tCfhr
993,+,CtfhXVqv3Q5J0dMRLDMz2hr
994,-,tCfhr
995,-,tCfhr
996,+,CtfhXVqvshr
997,-,Ctfhr
998,-,Ctfhr
999,-,Ctfhr
1000,-,Ctfhr
